<?xml version="1.0" encoding="UTF-8"?>
<testng-results skipped="0" failed="0" ignored="0" total="2" passed="2">
  <reporter-output>
  </reporter-output>
  <suite name="Default suite" duration-ms="25" started-at="2017-07-24T17:13:07Z" finished-at="2017-07-24T17:13:07Z">
    <groups>
    </groups>
    <test name="Default test" duration-ms="25" started-at="2017-07-24T17:13:07Z" finished-at="2017-07-24T17:13:07Z">
      <class name="com.jim.PasswordTest">
        <test-method status="PASS" signature="decode()[pri:0, instance:com.jim.PasswordTest@192b07fd]" name="decode" duration-ms="7" started-at="2017-07-25T01:13:07Z" finished-at="2017-07-25T01:13:07Z">
          <reporter-output>
          </reporter-output>
        </test-method> <!-- decode -->
        <test-method status="PASS" signature="encode()[pri:0, instance:com.jim.PasswordTest@192b07fd]" name="encode" duration-ms="7" started-at="2017-07-25T01:13:07Z" finished-at="2017-07-25T01:13:07Z">
          <reporter-output>
          </reporter-output>
        </test-method> <!-- encode -->
      </class> <!-- com.jim.PasswordTest -->
    </test> <!-- Default test -->
  </suite> <!-- Default suite -->
</testng-results>
